[24-Oct-2017 19:47:42 America/Los_Angeles] PHP Notice:  Undefined variable: action in /var/www/html/cit336/acme/library/functions.php on line 46
[24-Oct-2017 19:47:42 America/Los_Angeles] PHP Stack trace:
[24-Oct-2017 19:47:42 America/Los_Angeles] PHP   1. {main}() /var/www/html/cit336/acme/products/index.php:0
[24-Oct-2017 19:47:42 America/Los_Angeles] PHP   2. navList() /var/www/html/cit336/acme/products/index.php:38
[24-Oct-2017 19:47:42 America/Los_Angeles] PHP Notice:  Undefined variable: action in /var/www/html/cit336/acme/library/functions.php on line 51
[24-Oct-2017 19:47:42 America/Los_Angeles] PHP Stack trace:
[24-Oct-2017 19:47:42 America/Los_Angeles] PHP   1. {main}() /var/www/html/cit336/acme/products/index.php:0
[24-Oct-2017 19:47:42 America/Los_Angeles] PHP   2. navList() /var/www/html/cit336/acme/products/index.php:38
[24-Oct-2017 19:47:42 America/Los_Angeles] PHP Notice:  Undefined variable: action in /var/www/html/cit336/acme/library/functions.php on line 51
[24-Oct-2017 19:47:42 America/Los_Angeles] PHP Stack trace:
[24-Oct-2017 19:47:42 America/Los_Angeles] PHP   1. {main}() /var/www/html/cit336/acme/products/index.php:0
[24-Oct-2017 19:47:42 America/Los_Angeles] PHP   2. navList() /var/www/html/cit336/acme/products/index.php:38
[24-Oct-2017 19:47:42 America/Los_Angeles] PHP Notice:  Undefined variable: action in /var/www/html/cit336/acme/library/functions.php on line 51
[24-Oct-2017 19:47:42 America/Los_Angeles] PHP Stack trace:
[24-Oct-2017 19:47:42 America/Los_Angeles] PHP   1. {main}() /var/www/html/cit336/acme/products/index.php:0
[24-Oct-2017 19:47:42 America/Los_Angeles] PHP   2. navList() /var/www/html/cit336/acme/products/index.php:38
[24-Oct-2017 19:47:42 America/Los_Angeles] PHP Notice:  Undefined variable: action in /var/www/html/cit336/acme/library/functions.php on line 51
[24-Oct-2017 19:47:42 America/Los_Angeles] PHP Stack trace:
[24-Oct-2017 19:47:42 America/Los_Angeles] PHP   1. {main}() /var/www/html/cit336/acme/products/index.php:0
[24-Oct-2017 19:47:42 America/Los_Angeles] PHP   2. navList() /var/www/html/cit336/acme/products/index.php:38
[24-Oct-2017 19:47:42 America/Los_Angeles] PHP Notice:  Undefined variable: action in /var/www/html/cit336/acme/library/functions.php on line 51
[24-Oct-2017 19:47:42 America/Los_Angeles] PHP Stack trace:
[24-Oct-2017 19:47:42 America/Los_Angeles] PHP   1. {main}() /var/www/html/cit336/acme/products/index.php:0
[24-Oct-2017 19:47:42 America/Los_Angeles] PHP   2. navList() /var/www/html/cit336/acme/products/index.php:38
[24-Oct-2017 19:47:42 America/Los_Angeles] PHP Notice:  Undefined variable: action in /var/www/html/cit336/acme/library/functions.php on line 51
[24-Oct-2017 19:47:42 America/Los_Angeles] PHP Stack trace:
[24-Oct-2017 19:47:42 America/Los_Angeles] PHP   1. {main}() /var/www/html/cit336/acme/products/index.php:0
[24-Oct-2017 19:47:42 America/Los_Angeles] PHP   2. navList() /var/www/html/cit336/acme/products/index.php:38
[24-Oct-2017 19:47:42 America/Los_Angeles] PHP Notice:  Undefined variable: action in /var/www/html/cit336/acme/library/functions.php on line 46
[24-Oct-2017 19:47:42 America/Los_Angeles] PHP Stack trace:
[24-Oct-2017 19:47:42 America/Los_Angeles] PHP   1. {main}() /var/www/html/cit336/acme/products/index.php:0
[24-Oct-2017 19:47:42 America/Los_Angeles] PHP   2. navList() /var/www/html/cit336/acme/products/index.php:89
[24-Oct-2017 19:47:42 America/Los_Angeles] PHP Notice:  Undefined variable: action in /var/www/html/cit336/acme/library/functions.php on line 51
[24-Oct-2017 19:47:42 America/Los_Angeles] PHP Stack trace:
[24-Oct-2017 19:47:42 America/Los_Angeles] PHP   1. {main}() /var/www/html/cit336/acme/products/index.php:0
[24-Oct-2017 19:47:42 America/Los_Angeles] PHP   2. navList() /var/www/html/cit336/acme/products/index.php:89
[24-Oct-2017 19:47:42 America/Los_Angeles] PHP Notice:  Undefined variable: action in /var/www/html/cit336/acme/library/functions.php on line 51
[24-Oct-2017 19:47:42 America/Los_Angeles] PHP Stack trace:
[24-Oct-2017 19:47:42 America/Los_Angeles] PHP   1. {main}() /var/www/html/cit336/acme/products/index.php:0
[24-Oct-2017 19:47:42 America/Los_Angeles] PHP   2. navList() /var/www/html/cit336/acme/products/index.php:89
[24-Oct-2017 19:47:42 America/Los_Angeles] PHP Notice:  Undefined variable: action in /var/www/html/cit336/acme/library/functions.php on line 51
[24-Oct-2017 19:47:42 America/Los_Angeles] PHP Stack trace:
[24-Oct-2017 19:47:42 America/Los_Angeles] PHP   1. {main}() /var/www/html/cit336/acme/products/index.php:0
[24-Oct-2017 19:47:42 America/Los_Angeles] PHP   2. navList() /var/www/html/cit336/acme/products/index.php:89
[24-Oct-2017 19:47:42 America/Los_Angeles] PHP Notice:  Undefined variable: action in /var/www/html/cit336/acme/library/functions.php on line 51
[24-Oct-2017 19:47:42 America/Los_Angeles] PHP Stack trace:
[24-Oct-2017 19:47:42 America/Los_Angeles] PHP   1. {main}() /var/www/html/cit336/acme/products/index.php:0
[24-Oct-2017 19:47:42 America/Los_Angeles] PHP   2. navList() /var/www/html/cit336/acme/products/index.php:89
[24-Oct-2017 19:47:42 America/Los_Angeles] PHP Notice:  Undefined variable: action in /var/www/html/cit336/acme/library/functions.php on line 51
[24-Oct-2017 19:47:42 America/Los_Angeles] PHP Stack trace:
[24-Oct-2017 19:47:42 America/Los_Angeles] PHP   1. {main}() /var/www/html/cit336/acme/products/index.php:0
[24-Oct-2017 19:47:42 America/Los_Angeles] PHP   2. navList() /var/www/html/cit336/acme/products/index.php:89
[24-Oct-2017 19:47:42 America/Los_Angeles] PHP Notice:  Undefined variable: action in /var/www/html/cit336/acme/library/functions.php on line 51
[24-Oct-2017 19:47:42 America/Los_Angeles] PHP Stack trace:
[24-Oct-2017 19:47:42 America/Los_Angeles] PHP   1. {main}() /var/www/html/cit336/acme/products/index.php:0
[24-Oct-2017 19:47:42 America/Los_Angeles] PHP   2. navList() /var/www/html/cit336/acme/products/index.php:89
[24-Oct-2017 19:47:42 America/Los_Angeles] PHP Parse error:  syntax error, unexpected 'echo' (T_ECHO) in /var/www/html/cit336/acme/view/addprod.php on line 37
[24-Oct-2017 20:09:56 America/Los_Angeles] PHP Notice:  Undefined variable: action in /var/www/html/cit336/acme/library/functions.php on line 46
[24-Oct-2017 20:09:56 America/Los_Angeles] PHP Stack trace:
[24-Oct-2017 20:09:56 America/Los_Angeles] PHP   1. {main}() /var/www/html/cit336/acme/products/index.php:0
[24-Oct-2017 20:09:56 America/Los_Angeles] PHP   2. navList() /var/www/html/cit336/acme/products/index.php:90
[24-Oct-2017 20:09:56 America/Los_Angeles] PHP Notice:  Undefined variable: action in /var/www/html/cit336/acme/library/functions.php on line 51
[24-Oct-2017 20:09:56 America/Los_Angeles] PHP Stack trace:
[24-Oct-2017 20:09:56 America/Los_Angeles] PHP   1. {main}() /var/www/html/cit336/acme/products/index.php:0
[24-Oct-2017 20:09:56 America/Los_Angeles] PHP   2. navList() /var/www/html/cit336/acme/products/index.php:90
[24-Oct-2017 20:09:56 America/Los_Angeles] PHP Notice:  Undefined variable: action in /var/www/html/cit336/acme/library/functions.php on line 51
[24-Oct-2017 20:09:56 America/Los_Angeles] PHP Stack trace:
[24-Oct-2017 20:09:56 America/Los_Angeles] PHP   1. {main}() /var/www/html/cit336/acme/products/index.php:0
[24-Oct-2017 20:09:56 America/Los_Angeles] PHP   2. navList() /var/www/html/cit336/acme/products/index.php:90
[24-Oct-2017 20:09:56 America/Los_Angeles] PHP Notice:  Undefined variable: action in /var/www/html/cit336/acme/library/functions.php on line 51
[24-Oct-2017 20:09:56 America/Los_Angeles] PHP Stack trace:
[24-Oct-2017 20:09:56 America/Los_Angeles] PHP   1. {main}() /var/www/html/cit336/acme/products/index.php:0
[24-Oct-2017 20:09:56 America/Los_Angeles] PHP   2. navList() /var/www/html/cit336/acme/products/index.php:90
[24-Oct-2017 20:09:56 America/Los_Angeles] PHP Notice:  Undefined variable: action in /var/www/html/cit336/acme/library/functions.php on line 51
[24-Oct-2017 20:09:56 America/Los_Angeles] PHP Stack trace:
[24-Oct-2017 20:09:56 America/Los_Angeles] PHP   1. {main}() /var/www/html/cit336/acme/products/index.php:0
[24-Oct-2017 20:09:56 America/Los_Angeles] PHP   2. navList() /var/www/html/cit336/acme/products/index.php:90
[24-Oct-2017 20:09:56 America/Los_Angeles] PHP Notice:  Undefined variable: action in /var/www/html/cit336/acme/library/functions.php on line 51
[24-Oct-2017 20:09:56 America/Los_Angeles] PHP Stack trace:
[24-Oct-2017 20:09:56 America/Los_Angeles] PHP   1. {main}() /var/www/html/cit336/acme/products/index.php:0
[24-Oct-2017 20:09:56 America/Los_Angeles] PHP   2. navList() /var/www/html/cit336/acme/products/index.php:90
[24-Oct-2017 20:09:56 America/Los_Angeles] PHP Notice:  Undefined variable: action in /var/www/html/cit336/acme/library/functions.php on line 51
[24-Oct-2017 20:09:56 America/Los_Angeles] PHP Stack trace:
[24-Oct-2017 20:09:56 America/Los_Angeles] PHP   1. {main}() /var/www/html/cit336/acme/products/index.php:0
[24-Oct-2017 20:09:56 America/Los_Angeles] PHP   2. navList() /var/www/html/cit336/acme/products/index.php:90
[24-Oct-2017 20:09:56 America/Los_Angeles] PHP Parse error:  syntax error, unexpected 'echo' (T_ECHO) in /var/www/html/cit336/acme/view/addprod.php on line 37
[24-Oct-2017 20:10:21 America/Los_Angeles] PHP Notice:  Undefined variable: action in /var/www/html/cit336/acme/library/functions.php on line 46
[24-Oct-2017 20:10:21 America/Los_Angeles] PHP Stack trace:
[24-Oct-2017 20:10:21 America/Los_Angeles] PHP   1. {main}() /var/www/html/cit336/acme/products/index.php:0
[24-Oct-2017 20:10:21 America/Los_Angeles] PHP   2. navList() /var/www/html/cit336/acme/products/index.php:90
[24-Oct-2017 20:10:21 America/Los_Angeles] PHP Notice:  Undefined variable: action in /var/www/html/cit336/acme/library/functions.php on line 51
[24-Oct-2017 20:10:21 America/Los_Angeles] PHP Stack trace:
[24-Oct-2017 20:10:21 America/Los_Angeles] PHP   1. {main}() /var/www/html/cit336/acme/products/index.php:0
[24-Oct-2017 20:10:21 America/Los_Angeles] PHP   2. navList() /var/www/html/cit336/acme/products/index.php:90
[24-Oct-2017 20:10:21 America/Los_Angeles] PHP Notice:  Undefined variable: action in /var/www/html/cit336/acme/library/functions.php on line 51
[24-Oct-2017 20:10:21 America/Los_Angeles] PHP Stack trace:
[24-Oct-2017 20:10:21 America/Los_Angeles] PHP   1. {main}() /var/www/html/cit336/acme/products/index.php:0
[24-Oct-2017 20:10:21 America/Los_Angeles] PHP   2. navList() /var/www/html/cit336/acme/products/index.php:90
[24-Oct-2017 20:10:21 America/Los_Angeles] PHP Notice:  Undefined variable: action in /var/www/html/cit336/acme/library/functions.php on line 51
[24-Oct-2017 20:10:21 America/Los_Angeles] PHP Stack trace:
[24-Oct-2017 20:10:21 America/Los_Angeles] PHP   1. {main}() /var/www/html/cit336/acme/products/index.php:0
[24-Oct-2017 20:10:21 America/Los_Angeles] PHP   2. navList() /var/www/html/cit336/acme/products/index.php:90
[24-Oct-2017 20:10:21 America/Los_Angeles] PHP Notice:  Undefined variable: action in /var/www/html/cit336/acme/library/functions.php on line 51
[24-Oct-2017 20:10:21 America/Los_Angeles] PHP Stack trace:
[24-Oct-2017 20:10:21 America/Los_Angeles] PHP   1. {main}() /var/www/html/cit336/acme/products/index.php:0
[24-Oct-2017 20:10:21 America/Los_Angeles] PHP   2. navList() /var/www/html/cit336/acme/products/index.php:90
[24-Oct-2017 20:10:21 America/Los_Angeles] PHP Notice:  Undefined variable: action in /var/www/html/cit336/acme/library/functions.php on line 51
[24-Oct-2017 20:10:21 America/Los_Angeles] PHP Stack trace:
[24-Oct-2017 20:10:21 America/Los_Angeles] PHP   1. {main}() /var/www/html/cit336/acme/products/index.php:0
[24-Oct-2017 20:10:21 America/Los_Angeles] PHP   2. navList() /var/www/html/cit336/acme/products/index.php:90
[24-Oct-2017 20:10:21 America/Los_Angeles] PHP Notice:  Undefined variable: action in /var/www/html/cit336/acme/library/functions.php on line 51
[24-Oct-2017 20:10:21 America/Los_Angeles] PHP Stack trace:
[24-Oct-2017 20:10:21 America/Los_Angeles] PHP   1. {main}() /var/www/html/cit336/acme/products/index.php:0
[24-Oct-2017 20:10:21 America/Los_Angeles] PHP   2. navList() /var/www/html/cit336/acme/products/index.php:90
[24-Oct-2017 20:10:21 America/Los_Angeles] PHP Parse error:  syntax error, unexpected 'echo' (T_ECHO) in /var/www/html/cit336/acme/view/addprod.php on line 37
[24-Oct-2017 20:11:24 America/Los_Angeles] PHP Notice:  Undefined variable: action in /var/www/html/cit336/acme/library/functions.php on line 46
[24-Oct-2017 20:11:24 America/Los_Angeles] PHP Stack trace:
[24-Oct-2017 20:11:24 America/Los_Angeles] PHP   1. {main}() /var/www/html/cit336/acme/products/index.php:0
[24-Oct-2017 20:11:24 America/Los_Angeles] PHP   2. navList() /var/www/html/cit336/acme/products/index.php:90
[24-Oct-2017 20:11:24 America/Los_Angeles] PHP Notice:  Undefined variable: action in /var/www/html/cit336/acme/library/functions.php on line 51
[24-Oct-2017 20:11:24 America/Los_Angeles] PHP Stack trace:
[24-Oct-2017 20:11:24 America/Los_Angeles] PHP   1. {main}() /var/www/html/cit336/acme/products/index.php:0
[24-Oct-2017 20:11:24 America/Los_Angeles] PHP   2. navList() /var/www/html/cit336/acme/products/index.php:90
[24-Oct-2017 20:11:24 America/Los_Angeles] PHP Notice:  Undefined variable: action in /var/www/html/cit336/acme/library/functions.php on line 51
[24-Oct-2017 20:11:24 America/Los_Angeles] PHP Stack trace:
[24-Oct-2017 20:11:24 America/Los_Angeles] PHP   1. {main}() /var/www/html/cit336/acme/products/index.php:0
[24-Oct-2017 20:11:24 America/Los_Angeles] PHP   2. navList() /var/www/html/cit336/acme/products/index.php:90
[24-Oct-2017 20:11:24 America/Los_Angeles] PHP Notice:  Undefined variable: action in /var/www/html/cit336/acme/library/functions.php on line 51
[24-Oct-2017 20:11:24 America/Los_Angeles] PHP Stack trace:
[24-Oct-2017 20:11:24 America/Los_Angeles] PHP   1. {main}() /var/www/html/cit336/acme/products/index.php:0
[24-Oct-2017 20:11:24 America/Los_Angeles] PHP   2. navList() /var/www/html/cit336/acme/products/index.php:90
[24-Oct-2017 20:11:24 America/Los_Angeles] PHP Notice:  Undefined variable: action in /var/www/html/cit336/acme/library/functions.php on line 51
[24-Oct-2017 20:11:24 America/Los_Angeles] PHP Stack trace:
[24-Oct-2017 20:11:24 America/Los_Angeles] PHP   1. {main}() /var/www/html/cit336/acme/products/index.php:0
[24-Oct-2017 20:11:24 America/Los_Angeles] PHP   2. navList() /var/www/html/cit336/acme/products/index.php:90
[24-Oct-2017 20:11:24 America/Los_Angeles] PHP Notice:  Undefined variable: action in /var/www/html/cit336/acme/library/functions.php on line 51
[24-Oct-2017 20:11:24 America/Los_Angeles] PHP Stack trace:
[24-Oct-2017 20:11:24 America/Los_Angeles] PHP   1. {main}() /var/www/html/cit336/acme/products/index.php:0
[24-Oct-2017 20:11:24 America/Los_Angeles] PHP   2. navList() /var/www/html/cit336/acme/products/index.php:90
[24-Oct-2017 20:11:24 America/Los_Angeles] PHP Notice:  Undefined variable: action in /var/www/html/cit336/acme/library/functions.php on line 51
[24-Oct-2017 20:11:24 America/Los_Angeles] PHP Stack trace:
[24-Oct-2017 20:11:24 America/Los_Angeles] PHP   1. {main}() /var/www/html/cit336/acme/products/index.php:0
[24-Oct-2017 20:11:24 America/Los_Angeles] PHP   2. navList() /var/www/html/cit336/acme/products/index.php:90
[24-Oct-2017 20:11:29 America/Los_Angeles] PHP Notice:  Undefined variable: action in /var/www/html/cit336/acme/library/functions.php on line 46
[24-Oct-2017 20:11:29 America/Los_Angeles] PHP Stack trace:
[24-Oct-2017 20:11:29 America/Los_Angeles] PHP   1. {main}() /var/www/html/cit336/acme/products/index.php:0
[24-Oct-2017 20:11:29 America/Los_Angeles] PHP   2. navList() /var/www/html/cit336/acme/products/index.php:90
[24-Oct-2017 20:11:29 America/Los_Angeles] PHP Notice:  Undefined variable: action in /var/www/html/cit336/acme/library/functions.php on line 51
[24-Oct-2017 20:11:29 America/Los_Angeles] PHP Stack trace:
[24-Oct-2017 20:11:29 America/Los_Angeles] PHP   1. {main}() /var/www/html/cit336/acme/products/index.php:0
[24-Oct-2017 20:11:29 America/Los_Angeles] PHP   2. navList() /var/www/html/cit336/acme/products/index.php:90
[24-Oct-2017 20:11:29 America/Los_Angeles] PHP Notice:  Undefined variable: action in /var/www/html/cit336/acme/library/functions.php on line 51
[24-Oct-2017 20:11:29 America/Los_Angeles] PHP Stack trace:
[24-Oct-2017 20:11:29 America/Los_Angeles] PHP   1. {main}() /var/www/html/cit336/acme/products/index.php:0
[24-Oct-2017 20:11:29 America/Los_Angeles] PHP   2. navList() /var/www/html/cit336/acme/products/index.php:90
[24-Oct-2017 20:11:29 America/Los_Angeles] PHP Notice:  Undefined variable: action in /var/www/html/cit336/acme/library/functions.php on line 51
[24-Oct-2017 20:11:29 America/Los_Angeles] PHP Stack trace:
[24-Oct-2017 20:11:29 America/Los_Angeles] PHP   1. {main}() /var/www/html/cit336/acme/products/index.php:0
[24-Oct-2017 20:11:29 America/Los_Angeles] PHP   2. navList() /var/www/html/cit336/acme/products/index.php:90
[24-Oct-2017 20:11:29 America/Los_Angeles] PHP Notice:  Undefined variable: action in /var/www/html/cit336/acme/library/functions.php on line 51
[24-Oct-2017 20:11:29 America/Los_Angeles] PHP Stack trace:
[24-Oct-2017 20:11:29 America/Los_Angeles] PHP   1. {main}() /var/www/html/cit336/acme/products/index.php:0
[24-Oct-2017 20:11:29 America/Los_Angeles] PHP   2. navList() /var/www/html/cit336/acme/products/index.php:90
[24-Oct-2017 20:11:29 America/Los_Angeles] PHP Notice:  Undefined variable: action in /var/www/html/cit336/acme/library/functions.php on line 51
[24-Oct-2017 20:11:29 America/Los_Angeles] PHP Stack trace:
[24-Oct-2017 20:11:29 America/Los_Angeles] PHP   1. {main}() /var/www/html/cit336/acme/products/index.php:0
[24-Oct-2017 20:11:29 America/Los_Angeles] PHP   2. navList() /var/www/html/cit336/acme/products/index.php:90
[24-Oct-2017 20:11:29 America/Los_Angeles] PHP Notice:  Undefined variable: action in /var/www/html/cit336/acme/library/functions.php on line 51
[24-Oct-2017 20:11:29 America/Los_Angeles] PHP Stack trace:
[24-Oct-2017 20:11:29 America/Los_Angeles] PHP   1. {main}() /var/www/html/cit336/acme/products/index.php:0
[24-Oct-2017 20:11:29 America/Los_Angeles] PHP   2. navList() /var/www/html/cit336/acme/products/index.php:90
[24-Oct-2017 20:11:35 America/Los_Angeles] PHP Notice:  Undefined variable: action in /var/www/html/cit336/acme/library/functions.php on line 46
[24-Oct-2017 20:11:35 America/Los_Angeles] PHP Stack trace:
[24-Oct-2017 20:11:35 America/Los_Angeles] PHP   1. {main}() /var/www/html/cit336/acme/products/index.php:0
[24-Oct-2017 20:11:35 America/Los_Angeles] PHP   2. navList() /var/www/html/cit336/acme/products/index.php:90
[24-Oct-2017 20:11:35 America/Los_Angeles] PHP Notice:  Undefined variable: action in /var/www/html/cit336/acme/library/functions.php on line 51
[24-Oct-2017 20:11:35 America/Los_Angeles] PHP Stack trace:
[24-Oct-2017 20:11:35 America/Los_Angeles] PHP   1. {main}() /var/www/html/cit336/acme/products/index.php:0
[24-Oct-2017 20:11:35 America/Los_Angeles] PHP   2. navList() /var/www/html/cit336/acme/products/index.php:90
[24-Oct-2017 20:11:35 America/Los_Angeles] PHP Notice:  Undefined variable: action in /var/www/html/cit336/acme/library/functions.php on line 51
[24-Oct-2017 20:11:35 America/Los_Angeles] PHP Stack trace:
[24-Oct-2017 20:11:35 America/Los_Angeles] PHP   1. {main}() /var/www/html/cit336/acme/products/index.php:0
[24-Oct-2017 20:11:35 America/Los_Angeles] PHP   2. navList() /var/www/html/cit336/acme/products/index.php:90
[24-Oct-2017 20:11:35 America/Los_Angeles] PHP Notice:  Undefined variable: action in /var/www/html/cit336/acme/library/functions.php on line 51
[24-Oct-2017 20:11:35 America/Los_Angeles] PHP Stack trace:
[24-Oct-2017 20:11:35 America/Los_Angeles] PHP   1. {main}() /var/www/html/cit336/acme/products/index.php:0
[24-Oct-2017 20:11:35 America/Los_Angeles] PHP   2. navList() /var/www/html/cit336/acme/products/index.php:90
[24-Oct-2017 20:11:35 America/Los_Angeles] PHP Notice:  Undefined variable: action in /var/www/html/cit336/acme/library/functions.php on line 51
[24-Oct-2017 20:11:35 America/Los_Angeles] PHP Stack trace:
[24-Oct-2017 20:11:35 America/Los_Angeles] PHP   1. {main}() /var/www/html/cit336/acme/products/index.php:0
[24-Oct-2017 20:11:35 America/Los_Angeles] PHP   2. navList() /var/www/html/cit336/acme/products/index.php:90
[24-Oct-2017 20:11:35 America/Los_Angeles] PHP Notice:  Undefined variable: action in /var/www/html/cit336/acme/library/functions.php on line 51
[24-Oct-2017 20:11:35 America/Los_Angeles] PHP Stack trace:
[24-Oct-2017 20:11:35 America/Los_Angeles] PHP   1. {main}() /var/www/html/cit336/acme/products/index.php:0
[24-Oct-2017 20:11:35 America/Los_Angeles] PHP   2. navList() /var/www/html/cit336/acme/products/index.php:90
[24-Oct-2017 20:11:35 America/Los_Angeles] PHP Notice:  Undefined variable: action in /var/www/html/cit336/acme/library/functions.php on line 51
[24-Oct-2017 20:11:35 America/Los_Angeles] PHP Stack trace:
[24-Oct-2017 20:11:35 America/Los_Angeles] PHP   1. {main}() /var/www/html/cit336/acme/products/index.php:0
[24-Oct-2017 20:11:35 America/Los_Angeles] PHP   2. navList() /var/www/html/cit336/acme/products/index.php:90
[24-Oct-2017 20:11:39 America/Los_Angeles] PHP Notice:  Undefined variable: action in /var/www/html/cit336/acme/library/functions.php on line 46
[24-Oct-2017 20:11:39 America/Los_Angeles] PHP Stack trace:
[24-Oct-2017 20:11:39 America/Los_Angeles] PHP   1. {main}() /var/www/html/cit336/acme/products/index.php:0
[24-Oct-2017 20:11:39 America/Los_Angeles] PHP   2. navList() /var/www/html/cit336/acme/products/index.php:90
[24-Oct-2017 20:11:39 America/Los_Angeles] PHP Notice:  Undefined variable: action in /var/www/html/cit336/acme/library/functions.php on line 51
[24-Oct-2017 20:11:39 America/Los_Angeles] PHP Stack trace:
[24-Oct-2017 20:11:39 America/Los_Angeles] PHP   1. {main}() /var/www/html/cit336/acme/products/index.php:0
[24-Oct-2017 20:11:39 America/Los_Angeles] PHP   2. navList() /var/www/html/cit336/acme/products/index.php:90
[24-Oct-2017 20:11:39 America/Los_Angeles] PHP Notice:  Undefined variable: action in /var/www/html/cit336/acme/library/functions.php on line 51
[24-Oct-2017 20:11:39 America/Los_Angeles] PHP Stack trace:
[24-Oct-2017 20:11:39 America/Los_Angeles] PHP   1. {main}() /var/www/html/cit336/acme/products/index.php:0
[24-Oct-2017 20:11:39 America/Los_Angeles] PHP   2. navList() /var/www/html/cit336/acme/products/index.php:90
[24-Oct-2017 20:11:39 America/Los_Angeles] PHP Notice:  Undefined variable: action in /var/www/html/cit336/acme/library/functions.php on line 51
[24-Oct-2017 20:11:39 America/Los_Angeles] PHP Stack trace:
[24-Oct-2017 20:11:39 America/Los_Angeles] PHP   1. {main}() /var/www/html/cit336/acme/products/index.php:0
[24-Oct-2017 20:11:39 America/Los_Angeles] PHP   2. navList() /var/www/html/cit336/acme/products/index.php:90
[24-Oct-2017 20:11:39 America/Los_Angeles] PHP Notice:  Undefined variable: action in /var/www/html/cit336/acme/library/functions.php on line 51
[24-Oct-2017 20:11:39 America/Los_Angeles] PHP Stack trace:
[24-Oct-2017 20:11:39 America/Los_Angeles] PHP   1. {main}() /var/www/html/cit336/acme/products/index.php:0
[24-Oct-2017 20:11:39 America/Los_Angeles] PHP   2. navList() /var/www/html/cit336/acme/products/index.php:90
[24-Oct-2017 20:11:39 America/Los_Angeles] PHP Notice:  Undefined variable: action in /var/www/html/cit336/acme/library/functions.php on line 51
[24-Oct-2017 20:11:39 America/Los_Angeles] PHP Stack trace:
[24-Oct-2017 20:11:39 America/Los_Angeles] PHP   1. {main}() /var/www/html/cit336/acme/products/index.php:0
[24-Oct-2017 20:11:39 America/Los_Angeles] PHP   2. navList() /var/www/html/cit336/acme/products/index.php:90
[24-Oct-2017 20:11:39 America/Los_Angeles] PHP Notice:  Undefined variable: action in /var/www/html/cit336/acme/library/functions.php on line 51
[24-Oct-2017 20:11:39 America/Los_Angeles] PHP Stack trace:
[24-Oct-2017 20:11:39 America/Los_Angeles] PHP   1. {main}() /var/www/html/cit336/acme/products/index.php:0
[24-Oct-2017 20:11:39 America/Los_Angeles] PHP   2. navList() /var/www/html/cit336/acme/products/index.php:90
[24-Oct-2017 20:11:39 America/Los_Angeles] PHP Parse error:  syntax error, unexpected 'echo' (T_ECHO) in /var/www/html/cit336/acme/view/addprod.php on line 37
[24-Oct-2017 20:17:07 America/Los_Angeles] PHP Notice:  Undefined variable: action in /var/www/html/cit336/acme/library/functions.php on line 46
[24-Oct-2017 20:17:07 America/Los_Angeles] PHP Stack trace:
[24-Oct-2017 20:17:07 America/Los_Angeles] PHP   1. {main}() /var/www/html/cit336/acme/products/index.php:0
[24-Oct-2017 20:17:07 America/Los_Angeles] PHP   2. navList() /var/www/html/cit336/acme/products/index.php:90
[24-Oct-2017 20:17:07 America/Los_Angeles] PHP Notice:  Undefined variable: action in /var/www/html/cit336/acme/library/functions.php on line 51
[24-Oct-2017 20:17:07 America/Los_Angeles] PHP Stack trace:
[24-Oct-2017 20:17:07 America/Los_Angeles] PHP   1. {main}() /var/www/html/cit336/acme/products/index.php:0
[24-Oct-2017 20:17:07 America/Los_Angeles] PHP   2. navList() /var/www/html/cit336/acme/products/index.php:90
[24-Oct-2017 20:17:07 America/Los_Angeles] PHP Notice:  Undefined variable: action in /var/www/html/cit336/acme/library/functions.php on line 51
[24-Oct-2017 20:17:07 America/Los_Angeles] PHP Stack trace:
[24-Oct-2017 20:17:07 America/Los_Angeles] PHP   1. {main}() /var/www/html/cit336/acme/products/index.php:0
[24-Oct-2017 20:17:07 America/Los_Angeles] PHP   2. navList() /var/www/html/cit336/acme/products/index.php:90
[24-Oct-2017 20:17:07 America/Los_Angeles] PHP Notice:  Undefined variable: action in /var/www/html/cit336/acme/library/functions.php on line 51
[24-Oct-2017 20:17:07 America/Los_Angeles] PHP Stack trace:
[24-Oct-2017 20:17:07 America/Los_Angeles] PHP   1. {main}() /var/www/html/cit336/acme/products/index.php:0
[24-Oct-2017 20:17:07 America/Los_Angeles] PHP   2. navList() /var/www/html/cit336/acme/products/index.php:90
[24-Oct-2017 20:17:07 America/Los_Angeles] PHP Notice:  Undefined variable: action in /var/www/html/cit336/acme/library/functions.php on line 51
[24-Oct-2017 20:17:07 America/Los_Angeles] PHP Stack trace:
[24-Oct-2017 20:17:07 America/Los_Angeles] PHP   1. {main}() /var/www/html/cit336/acme/products/index.php:0
[24-Oct-2017 20:17:07 America/Los_Angeles] PHP   2. navList() /var/www/html/cit336/acme/products/index.php:90
[24-Oct-2017 20:17:07 America/Los_Angeles] PHP Notice:  Undefined variable: action in /var/www/html/cit336/acme/library/functions.php on line 51
[24-Oct-2017 20:17:07 America/Los_Angeles] PHP Stack trace:
[24-Oct-2017 20:17:07 America/Los_Angeles] PHP   1. {main}() /var/www/html/cit336/acme/products/index.php:0
[24-Oct-2017 20:17:07 America/Los_Angeles] PHP   2. navList() /var/www/html/cit336/acme/products/index.php:90
[24-Oct-2017 20:17:07 America/Los_Angeles] PHP Notice:  Undefined variable: action in /var/www/html/cit336/acme/library/functions.php on line 51
[24-Oct-2017 20:17:07 America/Los_Angeles] PHP Stack trace:
[24-Oct-2017 20:17:07 America/Los_Angeles] PHP   1. {main}() /var/www/html/cit336/acme/products/index.php:0
[24-Oct-2017 20:17:07 America/Los_Angeles] PHP   2. navList() /var/www/html/cit336/acme/products/index.php:90
[24-Oct-2017 20:17:07 America/Los_Angeles] PHP Parse error:  syntax error, unexpected 'echo' (T_ECHO) in /var/www/html/cit336/acme/view/addprod.php on line 37
[24-Oct-2017 20:21:39 America/Los_Angeles] PHP Notice:  Undefined variable: action in /var/www/html/cit336/acme/library/functions.php on line 46
[24-Oct-2017 20:21:39 America/Los_Angeles] PHP Stack trace:
[24-Oct-2017 20:21:39 America/Los_Angeles] PHP   1. {main}() /var/www/html/cit336/acme/products/index.php:0
[24-Oct-2017 20:21:39 America/Los_Angeles] PHP   2. navList() /var/www/html/cit336/acme/products/index.php:90
[24-Oct-2017 20:21:39 America/Los_Angeles] PHP Notice:  Undefined variable: action in /var/www/html/cit336/acme/library/functions.php on line 51
[24-Oct-2017 20:21:39 America/Los_Angeles] PHP Stack trace:
[24-Oct-2017 20:21:39 America/Los_Angeles] PHP   1. {main}() /var/www/html/cit336/acme/products/index.php:0
[24-Oct-2017 20:21:39 America/Los_Angeles] PHP   2. navList() /var/www/html/cit336/acme/products/index.php:90
[24-Oct-2017 20:21:39 America/Los_Angeles] PHP Notice:  Undefined variable: action in /var/www/html/cit336/acme/library/functions.php on line 51
[24-Oct-2017 20:21:39 America/Los_Angeles] PHP Stack trace:
[24-Oct-2017 20:21:39 America/Los_Angeles] PHP   1. {main}() /var/www/html/cit336/acme/products/index.php:0
[24-Oct-2017 20:21:39 America/Los_Angeles] PHP   2. navList() /var/www/html/cit336/acme/products/index.php:90
[24-Oct-2017 20:21:39 America/Los_Angeles] PHP Notice:  Undefined variable: action in /var/www/html/cit336/acme/library/functions.php on line 51
[24-Oct-2017 20:21:39 America/Los_Angeles] PHP Stack trace:
[24-Oct-2017 20:21:39 America/Los_Angeles] PHP   1. {main}() /var/www/html/cit336/acme/products/index.php:0
[24-Oct-2017 20:21:39 America/Los_Angeles] PHP   2. navList() /var/www/html/cit336/acme/products/index.php:90
[24-Oct-2017 20:21:39 America/Los_Angeles] PHP Notice:  Undefined variable: action in /var/www/html/cit336/acme/library/functions.php on line 51
[24-Oct-2017 20:21:39 America/Los_Angeles] PHP Stack trace:
[24-Oct-2017 20:21:39 America/Los_Angeles] PHP   1. {main}() /var/www/html/cit336/acme/products/index.php:0
[24-Oct-2017 20:21:39 America/Los_Angeles] PHP   2. navList() /var/www/html/cit336/acme/products/index.php:90
[24-Oct-2017 20:21:39 America/Los_Angeles] PHP Notice:  Undefined variable: action in /var/www/html/cit336/acme/library/functions.php on line 51
[24-Oct-2017 20:21:39 America/Los_Angeles] PHP Stack trace:
[24-Oct-2017 20:21:39 America/Los_Angeles] PHP   1. {main}() /var/www/html/cit336/acme/products/index.php:0
[24-Oct-2017 20:21:39 America/Los_Angeles] PHP   2. navList() /var/www/html/cit336/acme/products/index.php:90
[24-Oct-2017 20:21:39 America/Los_Angeles] PHP Notice:  Undefined variable: action in /var/www/html/cit336/acme/library/functions.php on line 51
[24-Oct-2017 20:21:39 America/Los_Angeles] PHP Stack trace:
[24-Oct-2017 20:21:39 America/Los_Angeles] PHP   1. {main}() /var/www/html/cit336/acme/products/index.php:0
[24-Oct-2017 20:21:39 America/Los_Angeles] PHP   2. navList() /var/www/html/cit336/acme/products/index.php:90
[24-Oct-2017 20:21:39 America/Los_Angeles] PHP Parse error:  syntax error, unexpected 'echo' (T_ECHO) in /var/www/html/cit336/acme/view/addprod.php on line 37
[24-Oct-2017 20:21:49 America/Los_Angeles] PHP Notice:  Undefined variable: action in /var/www/html/cit336/acme/library/functions.php on line 46
[24-Oct-2017 20:21:49 America/Los_Angeles] PHP Stack trace:
[24-Oct-2017 20:21:49 America/Los_Angeles] PHP   1. {main}() /var/www/html/cit336/acme/products/index.php:0
[24-Oct-2017 20:21:49 America/Los_Angeles] PHP   2. navList() /var/www/html/cit336/acme/products/index.php:90
[24-Oct-2017 20:21:49 America/Los_Angeles] PHP Notice:  Undefined variable: action in /var/www/html/cit336/acme/library/functions.php on line 51
[24-Oct-2017 20:21:49 America/Los_Angeles] PHP Stack trace:
[24-Oct-2017 20:21:49 America/Los_Angeles] PHP   1. {main}() /var/www/html/cit336/acme/products/index.php:0
[24-Oct-2017 20:21:49 America/Los_Angeles] PHP   2. navList() /var/www/html/cit336/acme/products/index.php:90
[24-Oct-2017 20:21:49 America/Los_Angeles] PHP Notice:  Undefined variable: action in /var/www/html/cit336/acme/library/functions.php on line 51
[24-Oct-2017 20:21:49 America/Los_Angeles] PHP Stack trace:
[24-Oct-2017 20:21:49 America/Los_Angeles] PHP   1. {main}() /var/www/html/cit336/acme/products/index.php:0
[24-Oct-2017 20:21:49 America/Los_Angeles] PHP   2. navList() /var/www/html/cit336/acme/products/index.php:90
[24-Oct-2017 20:21:49 America/Los_Angeles] PHP Notice:  Undefined variable: action in /var/www/html/cit336/acme/library/functions.php on line 51
[24-Oct-2017 20:21:49 America/Los_Angeles] PHP Stack trace:
[24-Oct-2017 20:21:49 America/Los_Angeles] PHP   1. {main}() /var/www/html/cit336/acme/products/index.php:0
[24-Oct-2017 20:21:49 America/Los_Angeles] PHP   2. navList() /var/www/html/cit336/acme/products/index.php:90
[24-Oct-2017 20:21:49 America/Los_Angeles] PHP Notice:  Undefined variable: action in /var/www/html/cit336/acme/library/functions.php on line 51
[24-Oct-2017 20:21:49 America/Los_Angeles] PHP Stack trace:
[24-Oct-2017 20:21:49 America/Los_Angeles] PHP   1. {main}() /var/www/html/cit336/acme/products/index.php:0
[24-Oct-2017 20:21:49 America/Los_Angeles] PHP   2. navList() /var/www/html/cit336/acme/products/index.php:90
[24-Oct-2017 20:21:49 America/Los_Angeles] PHP Notice:  Undefined variable: action in /var/www/html/cit336/acme/library/functions.php on line 51
[24-Oct-2017 20:21:49 America/Los_Angeles] PHP Stack trace:
[24-Oct-2017 20:21:49 America/Los_Angeles] PHP   1. {main}() /var/www/html/cit336/acme/products/index.php:0
[24-Oct-2017 20:21:49 America/Los_Angeles] PHP   2. navList() /var/www/html/cit336/acme/products/index.php:90
[24-Oct-2017 20:21:49 America/Los_Angeles] PHP Notice:  Undefined variable: action in /var/www/html/cit336/acme/library/functions.php on line 51
[24-Oct-2017 20:21:49 America/Los_Angeles] PHP Stack trace:
[24-Oct-2017 20:21:49 America/Los_Angeles] PHP   1. {main}() /var/www/html/cit336/acme/products/index.php:0
[24-Oct-2017 20:21:49 America/Los_Angeles] PHP   2. navList() /var/www/html/cit336/acme/products/index.php:90
[24-Oct-2017 20:21:49 America/Los_Angeles] PHP Parse error:  syntax error, unexpected 'echo' (T_ECHO) in /var/www/html/cit336/acme/view/addprod.php on line 37
[24-Oct-2017 20:22:43 America/Los_Angeles] PHP Notice:  Undefined variable: action in /var/www/html/cit336/acme/library/functions.php on line 46
[24-Oct-2017 20:22:43 America/Los_Angeles] PHP Stack trace:
[24-Oct-2017 20:22:43 America/Los_Angeles] PHP   1. {main}() /var/www/html/cit336/acme/products/index.php:0
[24-Oct-2017 20:22:43 America/Los_Angeles] PHP   2. navList() /var/www/html/cit336/acme/products/index.php:90
[24-Oct-2017 20:22:43 America/Los_Angeles] PHP Notice:  Undefined variable: action in /var/www/html/cit336/acme/library/functions.php on line 51
[24-Oct-2017 20:22:43 America/Los_Angeles] PHP Stack trace:
[24-Oct-2017 20:22:43 America/Los_Angeles] PHP   1. {main}() /var/www/html/cit336/acme/products/index.php:0
[24-Oct-2017 20:22:43 America/Los_Angeles] PHP   2. navList() /var/www/html/cit336/acme/products/index.php:90
[24-Oct-2017 20:22:43 America/Los_Angeles] PHP Notice:  Undefined variable: action in /var/www/html/cit336/acme/library/functions.php on line 51
[24-Oct-2017 20:22:43 America/Los_Angeles] PHP Stack trace:
[24-Oct-2017 20:22:43 America/Los_Angeles] PHP   1. {main}() /var/www/html/cit336/acme/products/index.php:0
[24-Oct-2017 20:22:43 America/Los_Angeles] PHP   2. navList() /var/www/html/cit336/acme/products/index.php:90
[24-Oct-2017 20:22:43 America/Los_Angeles] PHP Notice:  Undefined variable: action in /var/www/html/cit336/acme/library/functions.php on line 51
[24-Oct-2017 20:22:43 America/Los_Angeles] PHP Stack trace:
[24-Oct-2017 20:22:43 America/Los_Angeles] PHP   1. {main}() /var/www/html/cit336/acme/products/index.php:0
[24-Oct-2017 20:22:43 America/Los_Angeles] PHP   2. navList() /var/www/html/cit336/acme/products/index.php:90
[24-Oct-2017 20:22:43 America/Los_Angeles] PHP Notice:  Undefined variable: action in /var/www/html/cit336/acme/library/functions.php on line 51
[24-Oct-2017 20:22:43 America/Los_Angeles] PHP Stack trace:
[24-Oct-2017 20:22:43 America/Los_Angeles] PHP   1. {main}() /var/www/html/cit336/acme/products/index.php:0
[24-Oct-2017 20:22:43 America/Los_Angeles] PHP   2. navList() /var/www/html/cit336/acme/products/index.php:90
[24-Oct-2017 20:22:43 America/Los_Angeles] PHP Notice:  Undefined variable: action in /var/www/html/cit336/acme/library/functions.php on line 51
[24-Oct-2017 20:22:43 America/Los_Angeles] PHP Stack trace:
[24-Oct-2017 20:22:43 America/Los_Angeles] PHP   1. {main}() /var/www/html/cit336/acme/products/index.php:0
[24-Oct-2017 20:22:43 America/Los_Angeles] PHP   2. navList() /var/www/html/cit336/acme/products/index.php:90
[24-Oct-2017 20:22:43 America/Los_Angeles] PHP Notice:  Undefined variable: action in /var/www/html/cit336/acme/library/functions.php on line 51
[24-Oct-2017 20:22:43 America/Los_Angeles] PHP Stack trace:
[24-Oct-2017 20:22:43 America/Los_Angeles] PHP   1. {main}() /var/www/html/cit336/acme/products/index.php:0
[24-Oct-2017 20:22:43 America/Los_Angeles] PHP   2. navList() /var/www/html/cit336/acme/products/index.php:90
[24-Oct-2017 20:22:43 America/Los_Angeles] PHP Parse error:  syntax error, unexpected 'echo' (T_ECHO) in /var/www/html/cit336/acme/view/addprod.php on line 39
[24-Oct-2017 20:23:09 America/Los_Angeles] PHP Notice:  Undefined variable: action in /var/www/html/cit336/acme/library/functions.php on line 46
[24-Oct-2017 20:23:09 America/Los_Angeles] PHP Stack trace:
[24-Oct-2017 20:23:09 America/Los_Angeles] PHP   1. {main}() /var/www/html/cit336/acme/products/index.php:0
[24-Oct-2017 20:23:09 America/Los_Angeles] PHP   2. navList() /var/www/html/cit336/acme/products/index.php:90
[24-Oct-2017 20:23:09 America/Los_Angeles] PHP Notice:  Undefined variable: action in /var/www/html/cit336/acme/library/functions.php on line 51
[24-Oct-2017 20:23:09 America/Los_Angeles] PHP Stack trace:
[24-Oct-2017 20:23:09 America/Los_Angeles] PHP   1. {main}() /var/www/html/cit336/acme/products/index.php:0
[24-Oct-2017 20:23:09 America/Los_Angeles] PHP   2. navList() /var/www/html/cit336/acme/products/index.php:90
[24-Oct-2017 20:23:09 America/Los_Angeles] PHP Notice:  Undefined variable: action in /var/www/html/cit336/acme/library/functions.php on line 51
[24-Oct-2017 20:23:09 America/Los_Angeles] PHP Stack trace:
[24-Oct-2017 20:23:09 America/Los_Angeles] PHP   1. {main}() /var/www/html/cit336/acme/products/index.php:0
[24-Oct-2017 20:23:09 America/Los_Angeles] PHP   2. navList() /var/www/html/cit336/acme/products/index.php:90
[24-Oct-2017 20:23:09 America/Los_Angeles] PHP Notice:  Undefined variable: action in /var/www/html/cit336/acme/library/functions.php on line 51
[24-Oct-2017 20:23:09 America/Los_Angeles] PHP Stack trace:
[24-Oct-2017 20:23:09 America/Los_Angeles] PHP   1. {main}() /var/www/html/cit336/acme/products/index.php:0
[24-Oct-2017 20:23:09 America/Los_Angeles] PHP   2. navList() /var/www/html/cit336/acme/products/index.php:90
[24-Oct-2017 20:23:09 America/Los_Angeles] PHP Notice:  Undefined variable: action in /var/www/html/cit336/acme/library/functions.php on line 51
[24-Oct-2017 20:23:09 America/Los_Angeles] PHP Stack trace:
[24-Oct-2017 20:23:09 America/Los_Angeles] PHP   1. {main}() /var/www/html/cit336/acme/products/index.php:0
[24-Oct-2017 20:23:09 America/Los_Angeles] PHP   2. navList() /var/www/html/cit336/acme/products/index.php:90
[24-Oct-2017 20:23:09 America/Los_Angeles] PHP Notice:  Undefined variable: action in /var/www/html/cit336/acme/library/functions.php on line 51
[24-Oct-2017 20:23:09 America/Los_Angeles] PHP Stack trace:
[24-Oct-2017 20:23:09 America/Los_Angeles] PHP   1. {main}() /var/www/html/cit336/acme/products/index.php:0
[24-Oct-2017 20:23:09 America/Los_Angeles] PHP   2. navList() /var/www/html/cit336/acme/products/index.php:90
[24-Oct-2017 20:23:09 America/Los_Angeles] PHP Notice:  Undefined variable: action in /var/www/html/cit336/acme/library/functions.php on line 51
[24-Oct-2017 20:23:09 America/Los_Angeles] PHP Stack trace:
[24-Oct-2017 20:23:09 America/Los_Angeles] PHP   1. {main}() /var/www/html/cit336/acme/products/index.php:0
[24-Oct-2017 20:23:09 America/Los_Angeles] PHP   2. navList() /var/www/html/cit336/acme/products/index.php:90
[24-Oct-2017 20:23:09 America/Los_Angeles] PHP Parse error:  syntax error, unexpected 'echo' (T_ECHO) in /var/www/html/cit336/acme/view/addprod.php on line 40
[24-Oct-2017 20:23:31 America/Los_Angeles] PHP Notice:  Undefined variable: action in /var/www/html/cit336/acme/library/functions.php on line 46
[24-Oct-2017 20:23:31 America/Los_Angeles] PHP Stack trace:
[24-Oct-2017 20:23:31 America/Los_Angeles] PHP   1. {main}() /var/www/html/cit336/acme/products/index.php:0
[24-Oct-2017 20:23:31 America/Los_Angeles] PHP   2. navList() /var/www/html/cit336/acme/products/index.php:90
[24-Oct-2017 20:23:31 America/Los_Angeles] PHP Notice:  Undefined variable: action in /var/www/html/cit336/acme/library/functions.php on line 51
[24-Oct-2017 20:23:31 America/Los_Angeles] PHP Stack trace:
[24-Oct-2017 20:23:31 America/Los_Angeles] PHP   1. {main}() /var/www/html/cit336/acme/products/index.php:0
[24-Oct-2017 20:23:31 America/Los_Angeles] PHP   2. navList() /var/www/html/cit336/acme/products/index.php:90
[24-Oct-2017 20:23:31 America/Los_Angeles] PHP Notice:  Undefined variable: action in /var/www/html/cit336/acme/library/functions.php on line 51
[24-Oct-2017 20:23:31 America/Los_Angeles] PHP Stack trace:
[24-Oct-2017 20:23:31 America/Los_Angeles] PHP   1. {main}() /var/www/html/cit336/acme/products/index.php:0
[24-Oct-2017 20:23:31 America/Los_Angeles] PHP   2. navList() /var/www/html/cit336/acme/products/index.php:90
[24-Oct-2017 20:23:31 America/Los_Angeles] PHP Notice:  Undefined variable: action in /var/www/html/cit336/acme/library/functions.php on line 51
[24-Oct-2017 20:23:31 America/Los_Angeles] PHP Stack trace:
[24-Oct-2017 20:23:31 America/Los_Angeles] PHP   1. {main}() /var/www/html/cit336/acme/products/index.php:0
[24-Oct-2017 20:23:31 America/Los_Angeles] PHP   2. navList() /var/www/html/cit336/acme/products/index.php:90
[24-Oct-2017 20:23:31 America/Los_Angeles] PHP Notice:  Undefined variable: action in /var/www/html/cit336/acme/library/functions.php on line 51
[24-Oct-2017 20:23:31 America/Los_Angeles] PHP Stack trace:
[24-Oct-2017 20:23:31 America/Los_Angeles] PHP   1. {main}() /var/www/html/cit336/acme/products/index.php:0
[24-Oct-2017 20:23:31 America/Los_Angeles] PHP   2. navList() /var/www/html/cit336/acme/products/index.php:90
[24-Oct-2017 20:23:31 America/Los_Angeles] PHP Notice:  Undefined variable: action in /var/www/html/cit336/acme/library/functions.php on line 51
[24-Oct-2017 20:23:31 America/Los_Angeles] PHP Stack trace:
[24-Oct-2017 20:23:31 America/Los_Angeles] PHP   1. {main}() /var/www/html/cit336/acme/products/index.php:0
[24-Oct-2017 20:23:31 America/Los_Angeles] PHP   2. navList() /var/www/html/cit336/acme/products/index.php:90
[24-Oct-2017 20:23:31 America/Los_Angeles] PHP Notice:  Undefined variable: action in /var/www/html/cit336/acme/library/functions.php on line 51
[24-Oct-2017 20:23:31 America/Los_Angeles] PHP Stack trace:
[24-Oct-2017 20:23:31 America/Los_Angeles] PHP   1. {main}() /var/www/html/cit336/acme/products/index.php:0
[24-Oct-2017 20:23:31 America/Los_Angeles] PHP   2. navList() /var/www/html/cit336/acme/products/index.php:90
[24-Oct-2017 20:23:31 America/Los_Angeles] PHP Parse error:  syntax error, unexpected 'echo' (T_ECHO) in /var/www/html/cit336/acme/view/addprod.php on line 40
[24-Oct-2017 20:38:57 America/Los_Angeles] PHP Fatal error:  Uncaught ArgumentCountError: Too few arguments to function navList(), 1 passed in /var/www/html/cit336/acme/products/index.php on line 90 and exactly 2 expected in /var/www/html/cit336/acme/library/functions.php:34
Stack trace:
#0 /var/www/html/cit336/acme/products/index.php(90): navList(Array)
#1 {main}
  thrown in /var/www/html/cit336/acme/library/functions.php on line 34
[24-Oct-2017 20:41:02 America/Los_Angeles] PHP Parse error:  syntax error, unexpected 'echo' (T_ECHO) in /var/www/html/cit336/acme/view/addprod.php on line 40
[24-Oct-2017 20:42:23 America/Los_Angeles] PHP Parse error:  syntax error, unexpected 'echo' (T_ECHO) in /var/www/html/cit336/acme/view/addprod.php on line 40
[24-Oct-2017 20:48:39 America/Los_Angeles] PHP Parse error:  syntax error, unexpected 'echo' (T_ECHO) in /var/www/html/cit336/acme/view/addprod.php on line 40
[24-Oct-2017 20:49:18 America/Los_Angeles] PHP Parse error:  syntax error, unexpected 'echo' (T_ECHO) in /var/www/html/cit336/acme/view/addprod.php on line 46
[24-Oct-2017 20:51:35 America/Los_Angeles] PHP Parse error:  syntax error, unexpected 'echo' (T_ECHO) in /var/www/html/cit336/acme/view/addprod.php on line 46
[24-Oct-2017 20:53:23 America/Los_Angeles] PHP Notice:  Undefined variable: catList in /var/www/html/cit336/acme/view/addprod.php on line 71
[24-Oct-2017 20:53:23 America/Los_Angeles] PHP Stack trace:
[24-Oct-2017 20:53:23 America/Los_Angeles] PHP   1. {main}() /var/www/html/cit336/acme/products/index.php:0
[24-Oct-2017 20:53:23 America/Los_Angeles] PHP   2. include() /var/www/html/cit336/acme/products/index.php:45
[24-Oct-2017 20:54:31 America/Los_Angeles] PHP Notice:  Undefined variable: catList in /var/www/html/cit336/acme/view/addprod.php on line 71
[24-Oct-2017 20:54:31 America/Los_Angeles] PHP Stack trace:
[24-Oct-2017 20:54:31 America/Los_Angeles] PHP   1. {main}() /var/www/html/cit336/acme/products/index.php:0
[24-Oct-2017 20:54:31 America/Los_Angeles] PHP   2. include() /var/www/html/cit336/acme/products/index.php:45
[24-Oct-2017 20:54:50 America/Los_Angeles] PHP Notice:  Undefined variable: catList in /var/www/html/cit336/acme/view/addprod.php on line 71
[24-Oct-2017 20:54:50 America/Los_Angeles] PHP Stack trace:
[24-Oct-2017 20:54:50 America/Los_Angeles] PHP   1. {main}() /var/www/html/cit336/acme/products/index.php:0
[24-Oct-2017 20:54:50 America/Los_Angeles] PHP   2. include() /var/www/html/cit336/acme/products/index.php:45
[24-Oct-2017 21:08:56 America/Los_Angeles] PHP Notice:  Undefined variable: catList in /var/www/html/cit336/acme/view/addprod.php on line 71
[24-Oct-2017 21:08:56 America/Los_Angeles] PHP Stack trace:
[24-Oct-2017 21:08:56 America/Los_Angeles] PHP   1. {main}() /var/www/html/cit336/acme/products/index.php:0
[24-Oct-2017 21:08:56 America/Los_Angeles] PHP   2. include() /var/www/html/cit336/acme/products/index.php:45
