[31-Oct-2017 12:47:40 America/Los_Angeles] PHP Parse error:  syntax error, unexpected '$_SESSION' (T_VARIABLE), expecting '(' in /var/www/html/cit336/acme/view/admin.php on line 38
[31-Oct-2017 12:49:08 America/Los_Angeles] PHP Parse error:  syntax error, unexpected '$_SESSION' (T_VARIABLE), expecting '(' in /var/www/html/cit336/acme/view/admin.php on line 38
[31-Oct-2017 12:51:08 America/Los_Angeles] PHP Parse error:  syntax error, unexpected '$_SESSION' (T_VARIABLE), expecting '(' in /var/www/html/cit336/acme/view/admin.php on line 38
[31-Oct-2017 12:52:38 America/Los_Angeles] PHP Parse error:  syntax error, unexpected '$_SESSION' (T_VARIABLE), expecting '(' in /var/www/html/cit336/acme/view/admin.php on line 38
[31-Oct-2017 12:53:33 America/Los_Angeles] PHP Notice:  Undefined variable: _SESSION in /var/www/html/cit336/acme/view/admin.php on line 2
[31-Oct-2017 12:53:33 America/Los_Angeles] PHP Stack trace:
[31-Oct-2017 12:53:33 America/Los_Angeles] PHP   1. {main}() /var/www/html/cit336/acme/view/admin.php:0
[31-Oct-2017 12:53:33 America/Los_Angeles] PHP Warning:  include(view/admin.php): failed to open stream: No such file or directory in /var/www/html/cit336/acme/view/admin.php on line 3
[31-Oct-2017 12:53:33 America/Los_Angeles] PHP Stack trace:
[31-Oct-2017 12:53:33 America/Los_Angeles] PHP   1. {main}() /var/www/html/cit336/acme/view/admin.php:0
[31-Oct-2017 12:53:33 America/Los_Angeles] PHP Warning:  include(): Failed opening 'view/admin.php' for inclusion (include_path='.:/usr/share/php') in /var/www/html/cit336/acme/view/admin.php on line 3
[31-Oct-2017 12:53:33 America/Los_Angeles] PHP Stack trace:
[31-Oct-2017 12:53:33 America/Los_Angeles] PHP   1. {main}() /var/www/html/cit336/acme/view/admin.php:0
[03-Nov-2017 14:51:36 America/Los_Angeles] PHP Notice:  Undefined variable: _SESSION in /var/www/html/cit336/acme/view/admin.php on line 2
[03-Nov-2017 14:51:36 America/Los_Angeles] PHP Stack trace:
[03-Nov-2017 14:51:36 America/Los_Angeles] PHP   1. {main}() /var/www/html/cit336/acme/view/admin.php:0
[03-Nov-2017 14:51:36 America/Los_Angeles] PHP Warning:  include(view/admin.php): failed to open stream: No such file or directory in /var/www/html/cit336/acme/view/admin.php on line 3
[03-Nov-2017 14:51:36 America/Los_Angeles] PHP Stack trace:
[03-Nov-2017 14:51:36 America/Los_Angeles] PHP   1. {main}() /var/www/html/cit336/acme/view/admin.php:0
[03-Nov-2017 14:51:36 America/Los_Angeles] PHP Warning:  include(): Failed opening 'view/admin.php' for inclusion (include_path='.:/usr/share/php') in /var/www/html/cit336/acme/view/admin.php on line 3
[03-Nov-2017 14:51:36 America/Los_Angeles] PHP Stack trace:
[03-Nov-2017 14:51:36 America/Los_Angeles] PHP   1. {main}() /var/www/html/cit336/acme/view/admin.php:0
[03-Nov-2017 15:04:05 America/Los_Angeles] PHP Warning:  require(common/header.php): failed to open stream: No such file or directory in /var/www/html/cit336/acme/view/admin.php on line 22
[03-Nov-2017 15:04:05 America/Los_Angeles] PHP Stack trace:
[03-Nov-2017 15:04:05 America/Los_Angeles] PHP   1. {main}() /var/www/html/cit336/acme/view/admin.php:0
[03-Nov-2017 15:04:05 America/Los_Angeles] PHP Fatal error:  require(): Failed opening required 'common/header.php' (include_path='.:/usr/share/php') in /var/www/html/cit336/acme/view/admin.php on line 22
[03-Nov-2017 15:04:05 America/Los_Angeles] PHP Stack trace:
[03-Nov-2017 15:04:05 America/Los_Angeles] PHP   1. {main}() /var/www/html/cit336/acme/view/admin.php:0
[03-Nov-2017 15:04:45 America/Los_Angeles] PHP Notice:  Undefined variable: basepath in /var/www/html/cit336/acme/common/header.php on line 4
[03-Nov-2017 15:04:45 America/Los_Angeles] PHP Stack trace:
[03-Nov-2017 15:04:45 America/Los_Angeles] PHP   1. {main}() /var/www/html/cit336/acme/view/admin.php:0
[03-Nov-2017 15:04:45 America/Los_Angeles] PHP   2. require() /var/www/html/cit336/acme/view/admin.php:22
[03-Nov-2017 15:04:45 America/Los_Angeles] PHP Notice:  Undefined variable: basepath in /var/www/html/cit336/acme/common/header.php on line 9
[03-Nov-2017 15:04:45 America/Los_Angeles] PHP Stack trace:
[03-Nov-2017 15:04:45 America/Los_Angeles] PHP   1. {main}() /var/www/html/cit336/acme/view/admin.php:0
[03-Nov-2017 15:04:45 America/Los_Angeles] PHP   2. require() /var/www/html/cit336/acme/view/admin.php:22
[03-Nov-2017 15:04:45 America/Los_Angeles] PHP Notice:  Undefined variable: basepath in /var/www/html/cit336/acme/common/header.php on line 10
[03-Nov-2017 15:04:45 America/Los_Angeles] PHP Stack trace:
[03-Nov-2017 15:04:45 America/Los_Angeles] PHP   1. {main}() /var/www/html/cit336/acme/view/admin.php:0
[03-Nov-2017 15:04:45 America/Los_Angeles] PHP   2. require() /var/www/html/cit336/acme/view/admin.php:22
[03-Nov-2017 15:04:45 America/Los_Angeles] PHP Notice:  Undefined variable: navList in /var/www/html/cit336/acme/view/admin.php on line 23
[03-Nov-2017 15:04:45 America/Los_Angeles] PHP Stack trace:
[03-Nov-2017 15:04:45 America/Los_Angeles] PHP   1. {main}() /var/www/html/cit336/acme/view/admin.php:0
[03-Nov-2017 15:04:45 America/Los_Angeles] PHP Notice:  Undefined variable: _SESSION in /var/www/html/cit336/acme/view/admin.php on line 25
[03-Nov-2017 15:04:45 America/Los_Angeles] PHP Stack trace:
[03-Nov-2017 15:04:45 America/Los_Angeles] PHP   1. {main}() /var/www/html/cit336/acme/view/admin.php:0
[03-Nov-2017 15:04:45 America/Los_Angeles] PHP Notice:  Undefined variable: _SESSION in /var/www/html/cit336/acme/view/admin.php on line 25
[03-Nov-2017 15:04:45 America/Los_Angeles] PHP Stack trace:
[03-Nov-2017 15:04:45 America/Los_Angeles] PHP   1. {main}() /var/www/html/cit336/acme/view/admin.php:0
[03-Nov-2017 15:04:45 America/Los_Angeles] PHP Notice:  Undefined variable: _SESSION in /var/www/html/cit336/acme/view/admin.php on line 27
[03-Nov-2017 15:04:45 America/Los_Angeles] PHP Stack trace:
[03-Nov-2017 15:04:45 America/Los_Angeles] PHP   1. {main}() /var/www/html/cit336/acme/view/admin.php:0
[03-Nov-2017 15:04:45 America/Los_Angeles] PHP Notice:  Undefined variable: _SESSION in /var/www/html/cit336/acme/view/admin.php on line 28
[03-Nov-2017 15:04:45 America/Los_Angeles] PHP Stack trace:
[03-Nov-2017 15:04:45 America/Los_Angeles] PHP   1. {main}() /var/www/html/cit336/acme/view/admin.php:0
[03-Nov-2017 15:04:45 America/Los_Angeles] PHP Notice:  Undefined variable: _SESSION in /var/www/html/cit336/acme/view/admin.php on line 29
[03-Nov-2017 15:04:45 America/Los_Angeles] PHP Stack trace:
[03-Nov-2017 15:04:45 America/Los_Angeles] PHP   1. {main}() /var/www/html/cit336/acme/view/admin.php:0
[03-Nov-2017 15:04:45 America/Los_Angeles] PHP Notice:  Undefined variable: _SESSION in /var/www/html/cit336/acme/view/admin.php on line 30
[03-Nov-2017 15:04:45 America/Los_Angeles] PHP Stack trace:
[03-Nov-2017 15:04:45 America/Los_Angeles] PHP   1. {main}() /var/www/html/cit336/acme/view/admin.php:0
[03-Nov-2017 15:04:45 America/Los_Angeles] PHP Notice:  Undefined variable: _SESSION in /var/www/html/cit336/acme/view/admin.php on line 32
[03-Nov-2017 15:04:45 America/Los_Angeles] PHP Stack trace:
[03-Nov-2017 15:04:45 America/Los_Angeles] PHP   1. {main}() /var/www/html/cit336/acme/view/admin.php:0
