[07-Nov-2017 20:59:23 America/Los_Angeles] PHP Notice:  Undefined variable: clientLastname in /var/www/html/cit336/acme/model/accounts-model.php on line 65
[07-Nov-2017 20:59:23 America/Los_Angeles] PHP Stack trace:
[07-Nov-2017 20:59:23 America/Los_Angeles] PHP   1. {main}() /var/www/html/cit336/acme/accounts/index.php:0
[07-Nov-2017 20:59:23 America/Los_Angeles] PHP   2. updateClient() /var/www/html/cit336/acme/accounts/index.php:187
[07-Nov-2017 20:59:23 America/Los_Angeles] PHP Fatal error:  Uncaught PDOException: SQLSTATE[HY093]: Invalid parameter number: number of bound variables does not match number of tokens in /var/www/html/cit336/acme/model/accounts-model.php:68
Stack trace:
#0 /var/www/html/cit336/acme/model/accounts-model.php(68): PDOStatement->execute()
#1 /var/www/html/cit336/acme/accounts/index.php(187): updateClient('Ralph', 'Borcherds2', 'ralph@mrbconsul...', '1')
#2 {main}
  thrown in /var/www/html/cit336/acme/model/accounts-model.php on line 68
[07-Nov-2017 21:00:40 America/Los_Angeles] PHP Notice:  Undefined index: clientPassword in /var/www/html/cit336/acme/view/admin.php on line 29
[07-Nov-2017 21:00:40 America/Los_Angeles] PHP Stack trace:
[07-Nov-2017 21:00:40 America/Los_Angeles] PHP   1. {main}() /var/www/html/cit336/acme/accounts/index.php:0
[07-Nov-2017 21:00:40 America/Los_Angeles] PHP   2. include() /var/www/html/cit336/acme/accounts/index.php:205
[07-Nov-2017 21:00:53 America/Los_Angeles] PHP Notice:  Undefined variable: clientLastname in /var/www/html/cit336/acme/model/accounts-model.php on line 65
[07-Nov-2017 21:00:53 America/Los_Angeles] PHP Stack trace:
[07-Nov-2017 21:00:53 America/Los_Angeles] PHP   1. {main}() /var/www/html/cit336/acme/accounts/index.php:0
[07-Nov-2017 21:00:53 America/Los_Angeles] PHP   2. updateClient() /var/www/html/cit336/acme/accounts/index.php:187
[07-Nov-2017 21:00:53 America/Los_Angeles] PHP Fatal error:  Uncaught PDOException: SQLSTATE[HY093]: Invalid parameter number: number of bound variables does not match number of tokens in /var/www/html/cit336/acme/model/accounts-model.php:68
Stack trace:
#0 /var/www/html/cit336/acme/model/accounts-model.php(68): PDOStatement->execute()
#1 /var/www/html/cit336/acme/accounts/index.php(187): updateClient('Ralph', 'Borcherds2', 'ralph@mrbconsul...', '1')
#2 {main}
  thrown in /var/www/html/cit336/acme/model/accounts-model.php on line 68
[07-Nov-2017 21:02:39 America/Los_Angeles] PHP Notice:  Undefined index: clientPassword in /var/www/html/cit336/acme/view/admin.php on line 29
[07-Nov-2017 21:02:39 America/Los_Angeles] PHP Stack trace:
[07-Nov-2017 21:02:39 America/Los_Angeles] PHP   1. {main}() /var/www/html/cit336/acme/accounts/index.php:0
[07-Nov-2017 21:02:39 America/Los_Angeles] PHP   2. include() /var/www/html/cit336/acme/accounts/index.php:205
[07-Nov-2017 21:02:54 America/Los_Angeles] PHP Fatal error:  Uncaught PDOException: SQLSTATE[HY093]: Invalid parameter number: number of bound variables does not match number of tokens in /var/www/html/cit336/acme/model/accounts-model.php:68
Stack trace:
#0 /var/www/html/cit336/acme/model/accounts-model.php(68): PDOStatement->execute()
#1 /var/www/html/cit336/acme/accounts/index.php(187): updateClient('Ralph', 'Borcherds2', 'ralph@mrbconsul...', '1')
#2 {main}
  thrown in /var/www/html/cit336/acme/model/accounts-model.php on line 68
[07-Nov-2017 21:04:08 America/Los_Angeles] PHP Fatal error:  Uncaught PDOException: SQLSTATE[HY093]: Invalid parameter number: parameter was not defined in /var/www/html/cit336/acme/model/accounts-model.php:68
Stack trace:
#0 /var/www/html/cit336/acme/model/accounts-model.php(68): PDOStatement->execute()
#1 /var/www/html/cit336/acme/accounts/index.php(187): updateClient('Ralph', 'Borcherds2', 'ralph@mrbconsul...', '1')
#2 {main}
  thrown in /var/www/html/cit336/acme/model/accounts-model.php on line 68
[07-Nov-2017 21:05:32 America/Los_Angeles] PHP Fatal error:  Uncaught PDOException: SQLSTATE[HY093]: Invalid parameter number: parameter was not defined in /var/www/html/cit336/acme/model/accounts-model.php:68
Stack trace:
#0 /var/www/html/cit336/acme/model/accounts-model.php(68): PDOStatement->execute()
#1 /var/www/html/cit336/acme/accounts/index.php(187): updateClient('Ralph', 'Borcherds2', 'ralph@mrbconsul...', '1')
#2 {main}
  thrown in /var/www/html/cit336/acme/model/accounts-model.php on line 68
[07-Nov-2017 21:07:59 America/Los_Angeles] PHP Notice:  Undefined variable: cleintFirstname in /var/www/html/cit336/acme/view/user-update-account.php on line 24
[07-Nov-2017 21:07:59 America/Los_Angeles] PHP Stack trace:
[07-Nov-2017 21:07:59 America/Los_Angeles] PHP   1. {main}() /var/www/html/cit336/acme/accounts/index.php:0
[07-Nov-2017 21:07:59 America/Los_Angeles] PHP   2. include() /var/www/html/cit336/acme/accounts/index.php:193
[07-Nov-2017 21:12:51 America/Los_Angeles] PHP Notice:  Undefined index: clientPassword in /var/www/html/cit336/acme/view/admin.php on line 29
[07-Nov-2017 21:12:51 America/Los_Angeles] PHP Stack trace:
[07-Nov-2017 21:12:51 America/Los_Angeles] PHP   1. {main}() /var/www/html/cit336/acme/accounts/index.php:0
[07-Nov-2017 21:12:51 America/Los_Angeles] PHP   2. include() /var/www/html/cit336/acme/accounts/index.php:193
[07-Nov-2017 21:24:21 America/Los_Angeles] PHP Notice:  Undefined index: clientPassword in /var/www/html/cit336/acme/view/admin.php on line 37
[07-Nov-2017 21:24:21 America/Los_Angeles] PHP Stack trace:
[07-Nov-2017 21:24:21 America/Los_Angeles] PHP   1. {main}() /var/www/html/cit336/acme/accounts/index.php:0
[07-Nov-2017 21:24:21 America/Los_Angeles] PHP   2. include() /var/www/html/cit336/acme/accounts/index.php:206
[07-Nov-2017 21:24:57 America/Los_Angeles] PHP Notice:  Undefined index: clientPassword in /var/www/html/cit336/acme/view/admin.php on line 37
[07-Nov-2017 21:24:57 America/Los_Angeles] PHP Stack trace:
[07-Nov-2017 21:24:57 America/Los_Angeles] PHP   1. {main}() /var/www/html/cit336/acme/accounts/index.php:0
[07-Nov-2017 21:24:57 America/Los_Angeles] PHP   2. include() /var/www/html/cit336/acme/accounts/index.php:244
[07-Nov-2017 21:25:33 America/Los_Angeles] PHP Notice:  Undefined index: clientPassword in /var/www/html/cit336/acme/view/admin.php on line 37
[07-Nov-2017 21:25:33 America/Los_Angeles] PHP Stack trace:
[07-Nov-2017 21:25:33 America/Los_Angeles] PHP   1. {main}() /var/www/html/cit336/acme/accounts/index.php:0
[07-Nov-2017 21:25:33 America/Los_Angeles] PHP   2. include() /var/www/html/cit336/acme/accounts/index.php:244
[07-Nov-2017 21:26:48 America/Los_Angeles] PHP Notice:  Undefined index: clientPassword in /var/www/html/cit336/acme/view/admin.php on line 37
[07-Nov-2017 21:26:48 America/Los_Angeles] PHP Stack trace:
[07-Nov-2017 21:26:48 America/Los_Angeles] PHP   1. {main}() /var/www/html/cit336/acme/accounts/index.php:0
[07-Nov-2017 21:26:48 America/Los_Angeles] PHP   2. include() /var/www/html/cit336/acme/accounts/index.php:244
[07-Nov-2017 21:27:02 America/Los_Angeles] PHP Notice:  Undefined variable: clientPassword in /var/www/html/cit336/acme/accounts/index.php on line 216
[07-Nov-2017 21:27:02 America/Los_Angeles] PHP Stack trace:
[07-Nov-2017 21:27:02 America/Los_Angeles] PHP   1. {main}() /var/www/html/cit336/acme/accounts/index.php:0
[07-Nov-2017 21:29:25 America/Los_Angeles] PHP Notice:  Undefined variable: clientPassword in /var/www/html/cit336/acme/accounts/index.php on line 216
[07-Nov-2017 21:29:25 America/Los_Angeles] PHP Stack trace:
[07-Nov-2017 21:29:25 America/Los_Angeles] PHP   1. {main}() /var/www/html/cit336/acme/accounts/index.php:0
[07-Nov-2017 21:30:42 America/Los_Angeles] PHP Fatal error:  Uncaught PDOException: SQLSTATE[42S22]: Column not found: 1054 Unknown column 'cleintId' in 'where clause' in /var/www/html/cit336/acme/model/accounts-model.php:80
Stack trace:
#0 /var/www/html/cit336/acme/model/accounts-model.php(80): PDOStatement->execute()
#1 /var/www/html/cit336/acme/accounts/index.php(227): updatePassword(1, '1')
#2 {main}
  thrown in /var/www/html/cit336/acme/model/accounts-model.php on line 80
[07-Nov-2017 21:31:26 America/Los_Angeles] PHP Notice:  Undefined index: clientPassword in /var/www/html/cit336/acme/view/admin.php on line 37
[07-Nov-2017 21:31:26 America/Los_Angeles] PHP Stack trace:
[07-Nov-2017 21:31:26 America/Los_Angeles] PHP   1. {main}() /var/www/html/cit336/acme/accounts/index.php:0
[07-Nov-2017 21:31:26 America/Los_Angeles] PHP   2. include() /var/www/html/cit336/acme/accounts/index.php:232
[07-Nov-2017 22:18:17 America/Los_Angeles] PHP Notice:  Undefined index: clientData in /var/www/html/cit336/acme/accounts/index.php on line 218
[07-Nov-2017 22:18:17 America/Los_Angeles] PHP Stack trace:
[07-Nov-2017 22:18:17 America/Los_Angeles] PHP   1. {main}() /var/www/html/cit336/acme/accounts/index.php:0
[08-Nov-2017 08:04:59 America/Los_Angeles] PHP Notice:  Undefined index: clientPassword in /var/www/html/cit336/acme/view/admin.php on line 37
[08-Nov-2017 08:04:59 America/Los_Angeles] PHP Stack trace:
[08-Nov-2017 08:04:59 America/Los_Angeles] PHP   1. {main}() /var/www/html/cit336/acme/accounts/index.php:0
[08-Nov-2017 08:04:59 America/Los_Angeles] PHP   2. include() /var/www/html/cit336/acme/accounts/index.php:143
[08-Nov-2017 08:05:40 America/Los_Angeles] PHP Notice:  Undefined index: clientPassword in /var/www/html/cit336/acme/view/admin.php on line 37
[08-Nov-2017 08:05:40 America/Los_Angeles] PHP Stack trace:
[08-Nov-2017 08:05:40 America/Los_Angeles] PHP   1. {main}() /var/www/html/cit336/acme/accounts/index.php:0
[08-Nov-2017 08:05:40 America/Los_Angeles] PHP   2. include() /var/www/html/cit336/acme/accounts/index.php:193
[08-Nov-2017 08:05:55 America/Los_Angeles] PHP Notice:  Undefined index: clientPassword in /var/www/html/cit336/acme/view/admin.php on line 37
[08-Nov-2017 08:05:55 America/Los_Angeles] PHP Stack trace:
[08-Nov-2017 08:05:55 America/Los_Angeles] PHP   1. {main}() /var/www/html/cit336/acme/accounts/index.php:0
[08-Nov-2017 08:05:55 America/Los_Angeles] PHP   2. include() /var/www/html/cit336/acme/accounts/index.php:193
[08-Nov-2017 08:08:04 America/Los_Angeles] PHP Notice:  Undefined index: clientPassword in /var/www/html/cit336/acme/view/admin.php on line 37
[08-Nov-2017 08:08:04 America/Los_Angeles] PHP Stack trace:
[08-Nov-2017 08:08:04 America/Los_Angeles] PHP   1. {main}() /var/www/html/cit336/acme/accounts/index.php:0
[08-Nov-2017 08:08:04 America/Los_Angeles] PHP   2. include() /var/www/html/cit336/acme/accounts/index.php:249
[08-Nov-2017 08:34:21 America/Los_Angeles] PHP Notice:  Undefined index: clientPassword in /var/www/html/cit336/acme/view/admin.php on line 37
[08-Nov-2017 08:34:21 America/Los_Angeles] PHP Stack trace:
[08-Nov-2017 08:34:21 America/Los_Angeles] PHP   1. {main}() /var/www/html/cit336/acme/accounts/index.php:0
[08-Nov-2017 08:34:21 America/Los_Angeles] PHP   2. include() /var/www/html/cit336/acme/accounts/index.php:143
